   Compiling dice-mfg v0.1.0 (/home/flihp/build/dice-util/dice-mfg)
warning: unused imports: `EncodeConfig`, `Pem`
 --> dice-mfg/src/main.rs:2:11
  |
2 | use pem::{EncodeConfig, Pem};
  |           ^^^^^^^^^^^^  ^^^
  |
  = note: `#[warn(unused_imports)]` on by default

warning: unused imports: `OpenOptions`, `env`, `path::PathBuf`, `process::Command`, `self`
 --> dice-mfg/src/main.rs:5:5
  |
5 |     env, fmt,
  |     ^^^
6 |     fs::{self, OpenOptions},
  |          ^^^^  ^^^^^^^^^^^
7 |     io::{self, Write},
8 |     path::PathBuf,
  |     ^^^^^^^^^^^^^
9 |     process::Command,
  |     ^^^^^^^^^^^^^^^^

warning: `dice-mfg` (bin "dice-mfg") generated 2 warnings
    Finished dev [unoptimized + debuginfo] target(s) in 1.92s
